Start testing: Apr 26 13:22 CEST
----------------------------------------------------------
1/4 Testing: serial-configurator-core-tests
1/4 Test: serial-configurator-core-tests
Command: "/home/jaszczurtd/development/projects_git/Fiesta/src/SerialConfigurator/build_no_crypto/serial-configurator-core-tests"
Directory: /home/jaszczurtd/development/projects_git/Fiesta/src/SerialConfigurator/build_no_crypto
"serial-configurator-core-tests" start time: Apr 26 13:22 CEST
Output:
----------------------------------------------------------
[OK] serial_configurator_core smoke tests passed
<end of output>
Test time =   0.00 sec
----------------------------------------------------------
Test Passed.
"serial-configurator-core-tests" end time: Apr 26 13:22 CEST
"serial-configurator-core-tests" time elapsed: 00:00:00
----------------------------------------------------------

2/4 Testing: serial-configurator-core-api-tests
2/4 Test: serial-configurator-core-api-tests
Command: "/home/jaszczurtd/development/projects_git/Fiesta/src/SerialConfigurator/build_no_crypto/serial-configurator-core-api-tests"
Directory: /home/jaszczurtd/development/projects_git/Fiesta/src/SerialConfigurator/build_no_crypto
"serial-configurator-core-api-tests" start time: Apr 26 13:22 CEST
Output:
----------------------------------------------------------
[OK] serial_configurator_core API contract tests passed
<end of output>
Test time =   0.00 sec
----------------------------------------------------------
Test Passed.
"serial-configurator-core-api-tests" end time: Apr 26 13:22 CEST
"serial-configurator-core-api-tests" time elapsed: 00:00:00
----------------------------------------------------------

3/4 Testing: serial-configurator-core-protocol-tests
3/4 Test: serial-configurator-core-protocol-tests
Command: "/home/jaszczurtd/development/projects_git/Fiesta/src/SerialConfigurator/build_no_crypto/serial-configurator-core-protocol-tests"
Directory: /home/jaszczurtd/development/projects_git/Fiesta/src/SerialConfigurator/build_no_crypto
"serial-configurator-core-protocol-tests" start time: Apr 26 13:22 CEST
Output:
----------------------------------------------------------
[OK] serial_configurator_core protocol read-only tests passed
<end of output>
Test time =   0.00 sec
----------------------------------------------------------
Test Passed.
"serial-configurator-core-protocol-tests" end time: Apr 26 13:22 CEST
"serial-configurator-core-protocol-tests" time elapsed: 00:00:00
----------------------------------------------------------

4/4 Testing: serial-configurator-crypto-tests
4/4 Test: serial-configurator-crypto-tests
Command: "/home/jaszczurtd/development/projects_git/Fiesta/src/SerialConfigurator/build_no_crypto/serial-configurator-crypto-tests"
Directory: /home/jaszczurtd/development/projects_git/Fiesta/src/SerialConfigurator/build_no_crypto
"serial-configurator-crypto-tests" start time: Apr 26 13:22 CEST
Output:
----------------------------------------------------------
[OK] serial_configurator crypto bridge tests passed
<end of output>
Test time =   0.00 sec
----------------------------------------------------------
Test Passed.
"serial-configurator-crypto-tests" end time: Apr 26 13:22 CEST
"serial-configurator-crypto-tests" time elapsed: 00:00:00
----------------------------------------------------------

End testing: Apr 26 13:22 CEST
